<?xml version="1.0" encoding="UTF-8"?>
<testsuite name="com.tutorial.backend.queryDSLTest.MessageServiceTest" tests="1" skipped="0" failures="0" errors="0" timestamp="2024-09-25T08:12:58" hostname="rickyui-MacBookAir-53.local" time="0.325">
  <properties/>
  <testcase name="findMessageById()" classname="com.tutorial.backend.queryDSLTest.MessageServiceTest" time="0.325"/>
  <system-out><![CDATA[17:12:45.876 [Test worker] DEBUG org.springframework.test.context.BootstrapUtils - Instantiating CacheAwareContextLoaderDelegate from class [org.springframework.test.context.cache.DefaultCacheAwareContextLoaderDelegate]
17:12:45.884 [Test worker] DEBUG org.springframework.test.context.BootstrapUtils - Instantiating BootstrapContext using constructor [public org.springframework.test.context.support.DefaultBootstrapContext(java.lang.Class,org.springframework.test.context.CacheAwareContextLoaderDelegate)]
17:12:45.916 [Test worker] DEBUG org.springframework.test.context.BootstrapUtils - Instantiating TestContextBootstrapper for test class [com.tutorial.backend.queryDSLTest.MessageServiceTest] from class [org.springframework.boot.test.context.SpringBootTestContextBootstrapper]
17:12:45.926 [Test worker] INFO org.springframework.boot.test.context.SpringBootTestContextBootstrapper - Neither @ContextConfiguration nor @ContextHierarchy found for test class [com.tutorial.backend.queryDSLTest.MessageServiceTest], using SpringBootContextLoader
17:12:45.931 [Test worker] DEBUG org.springframework.test.context.support.AbstractContextLoader - Did not detect default resource location for test class [com.tutorial.backend.queryDSLTest.MessageServiceTest]: class path resource [com/tutorial/backend/queryDSLTest/MessageServiceTest-context.xml] does not exist
17:12:45.932 [Test worker] DEBUG org.springframework.test.context.support.AbstractContextLoader - Did not detect default resource location for test class [com.tutorial.backend.queryDSLTest.MessageServiceTest]: class path resource [com/tutorial/backend/queryDSLTest/MessageServiceTestContext.groovy] does not exist
17:12:45.932 [Test worker] INFO org.springframework.test.context.support.AbstractContextLoader - Could not detect default resource locations for test class [com.tutorial.backend.queryDSLTest.MessageServiceTest]: no resource found for suffixes {-context.xml, Context.groovy}.
17:12:45.932 [Test worker] INFO org.springframework.test.context.support.AnnotationConfigContextLoaderUtils - Could not detect default configuration classes for test class [com.tutorial.backend.queryDSLTest.MessageServiceTest]: MessageServiceTest does not declare any static, non-private, non-final, nested classes annotated with @Configuration.
17:12:46.007 [Test worker] DEBUG org.springframework.test.context.support.ActiveProfilesUtils - Could not find an 'annotation declaring class' for annotation type [org.springframework.test.context.ActiveProfiles] and class [com.tutorial.backend.queryDSLTest.MessageServiceTest]
17:12:46.108 [Test worker] DEBUG org.springframework.context.annotation.ClassPathScanningCandidateComponentProvider - Identified candidate component class: file [/Users/rickyhong/Desktop/Projects/EmotionTalk/backend/build/classes/java/main/com/tutorial/backend/BackendApplication.class]
17:12:46.110 [Test worker] INFO org.springframework.boot.test.context.SpringBootTestContextBootstrapper - Found @SpringBootConfiguration com.tutorial.backend.BackendApplication for test class com.tutorial.backend.queryDSLTest.MessageServiceTest
17:12:46.213 [Test worker] DEBUG org.springframework.boot.test.context.SpringBootTestContextBootstrapper - @TestExecutionListeners is not present for class [com.tutorial.backend.queryDSLTest.MessageServiceTest]: using defaults.
17:12:46.214 [Test worker] INFO org.springframework.boot.test.context.SpringBootTestContextBootstrapper - Loaded default TestExecutionListener class names from location [META-INF/spring.factories]: [org.springframework.security.test.context.support.WithSecurityContextTestExecutionListener, org.springframework.security.test.context.support.ReactorContextTestExecutionListener, org.springframework.boot.test.autoconfigure.restdocs.RestDocsTestExecutionListener, org.springframework.boot.test.autoconfigure.web.client.MockRestServiceServerResetTestExecutionListener, org.springframework.boot.test.autoconfigure.web.servlet.MockMvcPrintOnlyOnFailureTestExecutionListener, org.springframework.boot.test.autoconfigure.web.servlet.WebDriverTestExecutionListener, org.springframework.boot.test.autoconfigure.webservices.client.MockWebServiceServerTestExecutionListener, org.springframework.boot.test.mock.mockito.MockitoTestExecutionListener, org.springframework.boot.test.mock.mockito.ResetMocksTestExecutionListener, org.springframework.test.context.web.ServletTestExecutionListener, org.springframework.test.context.support.DirtiesContextBeforeModesTestExecutionListener, org.springframework.test.context.event.ApplicationEventsTestExecutionListener, org.springframework.test.context.support.DependencyInjectionTestExecutionListener, org.springframework.test.context.support.DirtiesContextTestExecutionListener, org.springframework.test.context.transaction.TransactionalTestExecutionListener, org.springframework.test.context.jdbc.SqlScriptsTestExecutionListener, org.springframework.test.context.event.EventPublishingTestExecutionListener]
17:12:46.231 [Test worker] INFO org.springframework.boot.test.context.SpringBootTestContextBootstrapper - Using TestExecutionListeners: [org.springframework.test.context.web.ServletTestExecutionListener@4148fe06, org.springframework.test.context.support.DirtiesContextBeforeModesTestExecutionListener@2078645c, org.springframework.test.context.event.ApplicationEventsTestExecutionListener@6057c9c5, org.springframework.boot.test.mock.mockito.MockitoTestExecutionListener@547230c, org.springframework.boot.test.autoconfigure.SpringBootDependencyInjectionTestExecutionListener@379556c, org.springframework.test.context.support.DirtiesContextTestExecutionListener@60409bdb, org.springframework.test.context.transaction.TransactionalTestExecutionListener@3e877ff7, org.springframework.test.context.jdbc.SqlScriptsTestExecutionListener@2e46468, org.springframework.security.test.context.support.WithSecurityContextTestExecutionListener@4b7f836d, org.springframework.test.context.event.EventPublishingTestExecutionListener@2f05579a, org.springframework.security.test.context.support.ReactorContextTestExecutionListener@2a78fd4a, org.springframework.boot.test.autoconfigure.restdocs.RestDocsTestExecutionListener@b9e0b49, org.springframework.boot.test.autoconfigure.web.client.MockRestServiceServerResetTestExecutionListener@3c4d95bc, org.springframework.boot.test.autoconfigure.web.servlet.MockMvcPrintOnlyOnFailureTestExecutionListener@3971ac28, org.springframework.boot.test.autoconfigure.web.servlet.WebDriverTestExecutionListener@548e84e1, org.springframework.boot.test.autoconfigure.webservices.client.MockWebServiceServerTestExecutionListener@2f31197a, org.springframework.boot.test.mock.mockito.ResetMocksTestExecutionListener@7f819955]
17:12:46.236 [Test worker] DEBUG org.springframework.test.context.support.AbstractDirtiesContextTestExecutionListener - Before test class: context [DefaultTestContext@6cf50572 testClass = MessageServiceTest, testInstance = [null], testMethod = [null], testException = [null], mergedContextConfiguration = [WebMergedContextConfiguration@360a336b testClass = MessageServiceTest, locations = '{}', classes = '{class com.tutorial.backend.BackendApplication}', contextInitializerClasses = '[]', activeProfiles = '{}', propertySourceLocations = '{}', propertySourceProperties = '{org.springframework.boot.test.context.SpringBootTestContextBootstrapper=true}', contextCustomizers = set[org.springframework.boot.test.autoconfigure.actuate.metrics.MetricsExportContextCustomizerFactory$DisableMetricExportContextCustomizer@1bfb7936, org.springframework.boot.test.autoconfigure.properties.PropertyMappingContextCustomizer@0, org.springframework.boot.test.autoconfigure.web.servlet.WebDriverContextCustomizerFactory$Customizer@4479737c, org.springframework.boot.test.context.filter.ExcludeFilterContextCustomizer@e3142c6, org.springframework.boot.test.json.DuplicateJsonObjectContextCustomizerFactory$DuplicateJsonObjectContextCustomizer@7214b9fb, org.springframework.boot.test.mock.mockito.MockitoContextCustomizer@0, org.springframework.boot.test.web.client.TestRestTemplateContextCustomizer@38c22d61, org.springframework.boot.test.web.reactive.server.WebTestClientContextCustomizer@3fd93b4c, org.springframework.boot.test.context.SpringBootTestArgs@1, org.springframework.boot.test.context.SpringBootTestWebEnvironment@5b211ca3], resourceBasePath = 'src/main/webapp', contextLoader = 'org.springframework.boot.test.context.SpringBootContextLoader', parent = [null]], attributes = map['org.springframework.test.context.web.ServletTestExecutionListener.activateListener' -> true]], class annotated with @DirtiesContext [false] with mode [null].

  .   ____          _            __ _ _
 /\\ / ___'_ __ _ _(_)_ __  __ _ \ \ \ \
( ( )\___ | '_ | '_| | '_ \/ _` | \ \ \ \
 \\/  ___)| |_)| | | | | || (_| |  ) ) ) )
  '  |____| .__|_| |_|_| |_\__, | / / / /
 =========|_|==============|___/=/_/_/_/
?[32m :: Spring Boot :: ?[39m              ?[2m (v2.7.5)?[0;39m

?[2m2024-09-25 17:12:47.025?[0;39m ?[32m INFO?[0;39m ?[35m1239?[0;39m ?[2m---?[0;39m ?[2m[    Test worker]?[0;39m ?[36mc.t.b.queryDSLTest.MessageServiceTest   ?[0;39m ?[2m:?[0;39m Starting MessageServiceTest using Java 11.0.15 on rickyui-MacBookAir-53.local with PID 1239 (started by rickyhong in /Users/rickyhong/Desktop/Projects/EmotionTalk/backend)
?[2m2024-09-25 17:12:47.029?[0;39m ?[32m INFO?[0;39m ?[35m1239?[0;39m ?[2m---?[0;39m ?[2m[    Test worker]?[0;39m ?[36mc.t.b.queryDSLTest.MessageServiceTest   ?[0;39m ?[2m:?[0;39m The following 1 profile is active: "oauth"
?[2m2024-09-25 17:12:48.203?[0;39m ?[32m INFO?[0;39m ?[35m1239?[0;39m ?[2m---?[0;39m ?[2m[    Test worker]?[0;39m ?[36m.s.d.r.c.RepositoryConfigurationDelegate?[0;39m ?[2m:?[0;39m Multiple Spring Data modules found, entering strict repository configuration mode
?[2m2024-09-25 17:12:48.204?[0;39m ?[32m INFO?[0;39m ?[35m1239?[0;39m ?[2m---?[0;39m ?[2m[    Test worker]?[0;39m ?[36m.s.d.r.c.RepositoryConfigurationDelegate?[0;39m ?[2m:?[0;39m Bootstrapping Spring Data MongoDB repositories in DEFAULT mode.
?[2m2024-09-25 17:12:48.222?[0;39m ?[32m INFO?[0;39m ?[35m1239?[0;39m ?[2m---?[0;39m ?[2m[    Test worker]?[0;39m ?[36m.s.d.r.c.RepositoryConfigurationDelegate?[0;39m ?[2m:?[0;39m Finished Spring Data repository scanning in 13 ms. Found 0 MongoDB repository interfaces.
?[2m2024-09-25 17:12:48.243?[0;39m ?[32m INFO?[0;39m ?[35m1239?[0;39m ?[2m---?[0;39m ?[2m[    Test worker]?[0;39m ?[36m.s.d.r.c.RepositoryConfigurationDelegate?[0;39m ?[2m:?[0;39m Multiple Spring Data modules found, entering strict repository configuration mode
?[2m2024-09-25 17:12:48.244?[0;39m ?[32m INFO?[0;39m ?[35m1239?[0;39m ?[2m---?[0;39m ?[2m[    Test worker]?[0;39m ?[36m.s.d.r.c.RepositoryConfigurationDelegate?[0;39m ?[2m:?[0;39m Bootstrapping Spring Data JPA repositories in DEFAULT mode.
?[2m2024-09-25 17:12:48.799?[0;39m ?[32m INFO?[0;39m ?[35m1239?[0;39m ?[2m---?[0;39m ?[2m[    Test worker]?[0;39m ?[36m.RepositoryConfigurationExtensionSupport?[0;39m ?[2m:?[0;39m Spring Data JPA - Could not safely identify store assignment for repository candidate interface com.tutorial.backend.repository.message.MessageRepository; If you want this repository to be a JPA repository, consider annotating your entities with one of these annotations: javax.persistence.Entity, javax.persistence.MappedSuperclass (preferred), or consider extending one of the following types with your repository: org.springframework.data.jpa.repository.JpaRepository
?[2m2024-09-25 17:12:48.887?[0;39m ?[32m INFO?[0;39m ?[35m1239?[0;39m ?[2m---?[0;39m ?[2m[    Test worker]?[0;39m ?[36m.s.d.r.c.RepositoryConfigurationDelegate?[0;39m ?[2m:?[0;39m Finished Spring Data repository scanning in 640 ms. Found 6 JPA repository interfaces.
?[2m2024-09-25 17:12:48.888?[0;39m ?[32m INFO?[0;39m ?[35m1239?[0;39m ?[2m---?[0;39m ?[2m[    Test worker]?[0;39m ?[36m.s.d.r.c.RepositoryConfigurationDelegate?[0;39m ?[2m:?[0;39m Multiple Spring Data modules found, entering strict repository configuration mode
?[2m2024-09-25 17:12:48.890?[0;39m ?[32m INFO?[0;39m ?[35m1239?[0;39m ?[2m---?[0;39m ?[2m[    Test worker]?[0;39m ?[36m.s.d.r.c.RepositoryConfigurationDelegate?[0;39m ?[2m:?[0;39m Bootstrapping Spring Data MongoDB repositories in DEFAULT mode.
?[2m2024-09-25 17:12:49.138?[0;39m ?[32m INFO?[0;39m ?[35m1239?[0;39m ?[2m---?[0;39m ?[2m[    Test worker]?[0;39m ?[36m.RepositoryConfigurationExtensionSupport?[0;39m ?[2m:?[0;39m Spring Data MongoDB - Could not safely identify store assignment for repository candidate interface com.tutorial.backend.repository.FileMessage.FileMessageRepository; If you want this repository to be a MongoDB repository, consider annotating your entities with one of these annotations: org.springframework.data.mongodb.core.mapping.Document (preferred), or consider extending one of the following types with your repository: org.springframework.data.mongodb.repository.MongoRepository
?[2m2024-09-25 17:12:49.141?[0;39m ?[32m INFO?[0;39m ?[35m1239?[0;39m ?[2m---?[0;39m ?[2m[    Test worker]?[0;39m ?[36m.RepositoryConfigurationExtensionSupport?[0;39m ?[2m:?[0;39m Spring Data MongoDB - Could not safely identify store assignment for repository candidate interface com.tutorial.backend.repository.chatroom.ChatRoomRepository; If you want this repository to be a MongoDB repository, consider annotating your entities with one of these annotations: org.springframework.data.mongodb.core.mapping.Document (preferred), or consider extending one of the following types with your repository: org.springframework.data.mongodb.repository.MongoRepository
?[2m2024-09-25 17:12:49.145?[0;39m ?[32m INFO?[0;39m ?[35m1239?[0;39m ?[2m---?[0;39m ?[2m[    Test worker]?[0;39m ?[36m.RepositoryConfigurationExtensionSupport?[0;39m ?[2m:?[0;39m Spring Data MongoDB - Could not safely identify store assignment for repository candidate interface com.tutorial.backend.repository.file.FileRepository; If you want this repository to be a MongoDB repository, consider annotating your entities with one of these annotations: org.springframework.data.mongodb.core.mapping.Document (preferred), or consider extending one of the following types with your repository: org.springframework.data.mongodb.repository.MongoRepository
?[2m2024-09-25 17:12:49.146?[0;39m ?[32m INFO?[0;39m ?[35m1239?[0;39m ?[2m---?[0;39m ?[2m[    Test worker]?[0;39m ?[36m.RepositoryConfigurationExtensionSupport?[0;39m ?[2m:?[0;39m Spring Data MongoDB - Could not safely identify store assignment for repository candidate interface com.tutorial.backend.repository.friend.FriendRepository; If you want this repository to be a MongoDB repository, consider annotating your entities with one of these annotations: org.springframework.data.mongodb.core.mapping.Document (preferred), or consider extending one of the following types with your repository: org.springframework.data.mongodb.repository.MongoRepository
?[2m2024-09-25 17:12:49.147?[0;39m ?[32m INFO?[0;39m ?[35m1239?[0;39m ?[2m---?[0;39m ?[2m[    Test worker]?[0;39m ?[36m.RepositoryConfigurationExtensionSupport?[0;39m ?[2m:?[0;39m Spring Data MongoDB - Could not safely identify store assignment for repository candidate interface com.tutorial.backend.repository.member.MemberRepository; If you want this repository to be a MongoDB repository, consider annotating your entities with one of these annotations: org.springframework.data.mongodb.core.mapping.Document (preferred), or consider extending one of the following types with your repository: org.springframework.data.mongodb.repository.MongoRepository
?[2m2024-09-25 17:12:49.151?[0;39m ?[32m INFO?[0;39m ?[35m1239?[0;39m ?[2m---?[0;39m ?[2m[    Test worker]?[0;39m ?[36m.RepositoryConfigurationExtensionSupport?[0;39m ?[2m:?[0;39m Spring Data MongoDB - Could not safely identify store assignment for repository candidate interface com.tutorial.backend.repository.refreshToken.RefreshTokenRepository; If you want this repository to be a MongoDB repository, consider annotating your entities with one of these annotations: org.springframework.data.mongodb.core.mapping.Document (preferred), or consider extending one of the following types with your repository: org.springframework.data.mongodb.repository.MongoRepository
?[2m2024-09-25 17:12:49.186?[0;39m ?[32m INFO?[0;39m ?[35m1239?[0;39m ?[2m---?[0;39m ?[2m[    Test worker]?[0;39m ?[36m.s.d.r.c.RepositoryConfigurationDelegate?[0;39m ?[2m:?[0;39m Finished Spring Data repository scanning in 295 ms. Found 1 MongoDB repository interfaces.
?[2m2024-09-25 17:12:50.568?[0;39m ?[32m INFO?[0;39m ?[35m1239?[0;39m ?[2m---?[0;39m ?[2m[    Test worker]?[0;39m ?[36mo.s.cloud.context.scope.GenericScope    ?[0;39m ?[2m:?[0;39m BeanFactory id=30bda336-cf5f-3b59-9256-0f4106b84d61
?[2m2024-09-25 17:12:51.724?[0;39m ?[32m INFO?[0;39m ?[35m1239?[0;39m ?[2m---?[0;39m ?[2m[    Test worker]?[0;39m ?[36mo.hibernate.jpa.internal.util.LogHelper ?[0;39m ?[2m:?[0;39m HHH000204: Processing PersistenceUnitInfo [name: default]
?[2m2024-09-25 17:12:51.773?[0;39m ?[32m INFO?[0;39m ?[35m1239?[0;39m ?[2m---?[0;39m ?[2m[    Test worker]?[0;39m ?[36morg.hibernate.Version                   ?[0;39m ?[2m:?[0;39m HHH000412: Hibernate ORM core version 5.6.12.Final
?[2m2024-09-25 17:12:51.986?[0;39m ?[32m INFO?[0;39m ?[35m1239?[0;39m ?[2m---?[0;39m ?[2m[    Test worker]?[0;39m ?[36mo.hibernate.annotations.common.Version  ?[0;39m ?[2m:?[0;39m HCANN000001: Hibernate Commons Annotations {5.1.2.Final}
?[2m2024-09-25 17:12:52.114?[0;39m ?[32m INFO?[0;39m ?[35m1239?[0;39m ?[2m---?[0;39m ?[2m[    Test worker]?[0;39m ?[36mcom.zaxxer.hikari.HikariDataSource      ?[0;39m ?[2m:?[0;39m HikariPool-1 - Starting...
?[2m2024-09-25 17:12:52.715?[0;39m ?[32m INFO?[0;39m ?[35m1239?[0;39m ?[2m---?[0;39m ?[2m[    Test worker]?[0;39m ?[36mcom.zaxxer.hikari.HikariDataSource      ?[0;39m ?[2m:?[0;39m HikariPool-1 - Start completed.
?[2m2024-09-25 17:12:52.744?[0;39m ?[32m INFO?[0;39m ?[35m1239?[0;39m ?[2m---?[0;39m ?[2m[    Test worker]?[0;39m ?[36morg.hibernate.dialect.Dialect           ?[0;39m ?[2m:?[0;39m HHH000400: Using dialect: org.hibernate.dialect.MySQL8Dialect
?[2m2024-09-25 17:12:54.003?[0;39m ?[32m INFO?[0;39m ?[35m1239?[0;39m ?[2m---?[0;39m ?[2m[    Test worker]?[0;39m ?[36mo.h.e.t.j.p.i.JtaPlatformInitiator      ?[0;39m ?[2m:?[0;39m HHH000490: Using JtaPlatform implementation: [org.hibernate.engine.transaction.jta.platform.internal.NoJtaPlatform]
?[2m2024-09-25 17:12:54.016?[0;39m ?[32m INFO?[0;39m ?[35m1239?[0;39m ?[2m---?[0;39m ?[2m[    Test worker]?[0;39m ?[36mj.LocalContainerEntityManagerFactoryBean?[0;39m ?[2m:?[0;39m Initialized JPA EntityManagerFactory for persistence unit 'default'
?[2m2024-09-25 17:12:55.144?[0;39m ?[32m INFO?[0;39m ?[35m1239?[0;39m ?[2m---?[0;39m ?[2m[    Test worker]?[0;39m ?[36morg.mongodb.driver.client               ?[0;39m ?[2m:?[0;39m MongoClient with metadata {"driver": {"name": "mongo-java-driver|sync", "version": "4.6.1"}, "os": {"type": "Darwin", "name": "Mac OS X", "architecture": "x86_64", "version": "15.0"}, "platform": "Java/Oracle Corporation/11.0.15+8-LTS-149"} created with settings MongoClientSettings{readPreference=primary, writeConcern=WriteConcern{w=null, wTimeout=null ms, journal=null}, retryWrites=true, retryReads=true, readConcern=ReadConcern{level=null}, credential=null, streamFactoryFactory=null, commandListeners=[], codecRegistry=ProvidersCodecRegistry{codecProviders=[ValueCodecProvider{}, BsonValueCodecProvider{}, DBRefCodecProvider{}, DBObjectCodecProvider{}, DocumentCodecProvider{}, IterableCodecProvider{}, MapCodecProvider{}, GeoJsonCodecProvider{}, GridFSFileCodecProvider{}, Jsr310CodecProvider{}, JsonObjectCodecProvider{}, BsonCodecProvider{}, EnumCodecProvider{}, com.mongodb.Jep395RecordCodecProvider@dd9ef79]}, clusterSettings={hosts=[localhost:27017], srvServiceName=mongodb, mode=SINGLE, requiredClusterType=UNKNOWN, requiredReplicaSetName='null', serverSelector='null', clusterListeners='[]', serverSelectionTimeout='30000 ms', localThreshold='30000 ms'}, socketSettings=SocketSettings{connectTimeoutMS=10000, readTimeoutMS=0, receiveBufferSize=0, sendBufferSize=0}, heartbeatSocketSettings=SocketSettings{connectTimeoutMS=10000, readTimeoutMS=10000, receiveBufferSize=0, sendBufferSize=0}, connectionPoolSettings=ConnectionPoolSettings{maxSize=100, minSize=0, maxWaitTimeMS=120000, maxConnectionLifeTimeMS=0, maxConnectionIdleTimeMS=0, maintenanceInitialDelayMS=0, maintenanceFrequencyMS=60000, connectionPoolListeners=[], maxConnecting=2}, serverSettings=ServerSettings{heartbeatFrequencyMS=10000, minHeartbeatFrequencyMS=500, serverListeners='[]', serverMonitorListeners='[]'}, sslSettings=SslSettings{enabled=false, invalidHostNameAllowed=false, context=null}, applicationName='null', compressorList=[], uuidRepresentation=UNSPECIFIED, serverApi=null, autoEncryptionSettings=null, contextProvider=null}
?[2m2024-09-25 17:12:55.247?[0;39m ?[32m INFO?[0;39m ?[35m1239?[0;39m ?[2m---?[0;39m ?[2m[localhost:27017]?[0;39m ?[36morg.mongodb.driver.connection           ?[0;39m ?[2m:?[0;39m Opened connection [connectionId{localValue:1, serverValue:72}] to localhost:27017
?[2m2024-09-25 17:12:55.247?[0;39m ?[32m INFO?[0;39m ?[35m1239?[0;39m ?[2m---?[0;39m ?[2m[localhost:27017]?[0;39m ?[36morg.mongodb.driver.connection           ?[0;39m ?[2m:?[0;39m Opened connection [connectionId{localValue:2, serverValue:71}] to localhost:27017
?[2m2024-09-25 17:12:55.253?[0;39m ?[32m INFO?[0;39m ?[35m1239?[0;39m ?[2m---?[0;39m ?[2m[localhost:27017]?[0;39m ?[36morg.mongodb.driver.cluster              ?[0;39m ?[2m:?[0;39m Monitor thread successfully connected to server with description ServerDescription{address=localhost:27017, type=STANDALONE, state=CONNECTED, ok=true, minWireVersion=0, maxWireVersion=17, maxDocumentSize=16777216, logicalSessionTimeoutMinutes=30, roundTripTimeNanos=110167542}
?[2m2024-09-25 17:12:56.299?[0;39m ?[33m WARN?[0;39m ?[35m1239?[0;39m ?[2m---?[0;39m ?[2m[    Test worker]?[0;39m ?[36mJpaBaseConfiguration$JpaWebConfiguration?[0;39m ?[2m:?[0;39m spring.jpa.open-in-view is enabled by default. Therefore, database queries may be performed during view rendering. Explicitly configure spring.jpa.open-in-view to disable this warning
?[2m2024-09-25 17:12:57.148?[0;39m ?[32m INFO?[0;39m ?[35m1239?[0;39m ?[2m---?[0;39m ?[2m[    Test worker]?[0;39m ?[36mo.s.s.web.DefaultSecurityFilterChain    ?[0;39m ?[2m:?[0;39m Will secure any request with [org.springframework.security.web.session.DisableEncodeUrlFilter@60dd1a11, org.springframework.security.web.context.request.async.WebAsyncManagerIntegrationFilter@6db5d095, org.springframework.security.web.context.SecurityContextPersistenceFilter@591a4360, org.springframework.security.web.header.HeaderWriterFilter@17aafe04, org.springframework.web.filter.CorsFilter@33dba570, org.springframework.security.web.authentication.logout.LogoutFilter@2e86ff4e, org.springframework.security.oauth2.client.web.OAuth2AuthorizationRequestRedirectFilter@7f550c1f, org.springframework.security.oauth2.client.web.OAuth2LoginAuthenticationFilter@340d0845, com.tutorial.backend.jwt.JwtFilter@3e7f749e, org.springframework.security.web.savedrequest.RequestCacheAwareFilter@11beda9f, org.springframework.security.web.servletapi.SecurityContextHolderAwareRequestFilter@1a348a8b, org.springframework.security.web.authentication.AnonymousAuthenticationFilter@367afcd2, org.springframework.security.web.session.SessionManagementFilter@3581b10, org.springframework.security.web.access.ExceptionTranslationFilter@4668e0ad, org.springframework.security.web.access.intercept.FilterSecurityInterceptor@53989668]
?[2m2024-09-25 17:12:58.175?[0;39m ?[32m INFO?[0;39m ?[35m1239?[0;39m ?[2m---?[0;39m ?[2m[    Test worker]?[0;39m ?[36mo.s.m.s.b.SimpleBrokerMessageHandler    ?[0;39m ?[2m:?[0;39m Starting...
?[2m2024-09-25 17:12:58.176?[0;39m ?[32m INFO?[0;39m ?[35m1239?[0;39m ?[2m---?[0;39m ?[2m[    Test worker]?[0;39m ?[36mo.s.m.s.b.SimpleBrokerMessageHandler    ?[0;39m ?[2m:?[0;39m BrokerAvailabilityEvent[available=true, SimpleBrokerMessageHandler [org.springframework.messaging.simp.broker.DefaultSubscriptionRegistry@6cd61a55]]
?[2m2024-09-25 17:12:58.177?[0;39m ?[32m INFO?[0;39m ?[35m1239?[0;39m ?[2m---?[0;39m ?[2m[    Test worker]?[0;39m ?[36mo.s.m.s.b.SimpleBrokerMessageHandler    ?[0;39m ?[2m:?[0;39m Started.
?[2m2024-09-25 17:12:58.192?[0;39m ?[32m INFO?[0;39m ?[35m1239?[0;39m ?[2m---?[0;39m ?[2m[    Test worker]?[0;39m ?[36mc.t.b.queryDSLTest.MessageServiceTest   ?[0;39m ?[2m:?[0;39m Started MessageServiceTest in 11.853 seconds (JVM running for 13.727)
?[2m2024-09-25 17:12:58.420?[0;39m ?[32m INFO?[0;39m ?[35m1239?[0;39m ?[2m---?[0;39m ?[2m[    Test worker]?[0;39m ?[36morg.mongodb.driver.connection           ?[0;39m ?[2m:?[0;39m Opened connection [connectionId{localValue:3, serverValue:73}] to localhost:27017
?[2m2024-09-25 17:12:58.522?[0;39m ?[32m INFO?[0;39m ?[35m1239?[0;39m ?[2m---?[0;39m ?[2m[    Test worker]?[0;39m ?[36mc.t.b.queryDSLTest.MessageServiceTest   ?[0;39m ?[2m:?[0;39m Optional[Message(id=66e682bd4d566538eb89c447, content=ㅁㄴㅇㄹ, sendTime=2024-09-15T15:46:21.913, readCount=0, emotionNum=0, status=ACTIVE, type=TEXT, memberId=2, chatRoomId=1, isDeleted=null, aiSuggestion=null)]
]]></system-out>
  <system-err><![CDATA[]]></system-err>
</testsuite>
